# JRE version: OpenJDK Runtime Environment (8.0_181-b13) (build 1.8.0_181-8u181-b13-0ubuntu0.16.04.1-b13)
# Java VM: OpenJDK 64-Bit Server VM (25.181-b13 mixed mode linux-amd64 compressed oops)
Heap:
 PSYoungGen      total 161792K, used 32K [0x00000000eb700000, 0x00000000f5c00000, 0x0000000100000000)
  eden space 156672K, 0% used [0x00000000eb700000,0x00000000eb700000,0x00000000f5000000)
  from space 5120K, 0% used [0x00000000f5700000,0x00000000f5708000,0x00000000f5c00000)
  to   space 5120K, 0% used [0x00000000f5200000,0x00000000f5200000,0x00000000f5700000)
 ParOldGen       total 42496K, used 6076K [0x00000000c2400000, 0x00000000c4d80000, 0x00000000eb700000)
  object space 42496K, 14% used [0x00000000c2400000,0x00000000c29ef3a8,0x00000000c4d80000)
 Metaspace       used 14324K, capacity 14534K, committed 14976K, reserved 1062912K
  class space    used 1744K, capacity 1805K, committed 1920K, reserved 1048576K
GC Heap History (10 events):
Event: 9.708 GC heap after
Heap after GC invocations=9 (full 0):
 PSYoungGen      total 68608K, used 64K [0x00000000eb700000, 0x00000000f2480000, 0x0000000100000000)
  eden space 63488K, 0% used [0x00000000eb700000,0x00000000eb700000,0x00000000ef500000)
  from space 5120K, 1% used [0x00000000ef500000,0x00000000ef510000,0x00000000efa00000)
  to   space 5120K, 0% used [0x00000000f1f80000,0x00000000f1f80000,0x00000000f2480000)
 ParOldGen       total 42496K, used 5732K [0x00000000c2400000, 0x00000000c4d80000, 0x00000000eb700000)
  object space 42496K, 13% used [0x00000000c2400000,0x00000000c2999358,0x00000000c4d80000)
 Metaspace       used 14269K, capacity 14470K, committed 14720K, reserved 1062912K
  class space    used 1744K, capacity 1805K, committed 1920K, reserved 1048576K
}
Event: 9.997 GC heap before
{Heap before GC invocations=10 (full 0):
 PSYoungGen      total 68608K, used 63552K [0x00000000eb700000, 0x00000000f2480000, 0x0000000100000000)
  eden space 63488K, 100% used [0x00000000eb700000,0x00000000ef500000,0x00000000ef500000)
  from space 5120K, 1% used [0x00000000ef500000,0x00000000ef510000,0x00000000efa00000)
  to   space 5120K, 0% used [0x00000000f1f80000,0x00000000f1f80000,0x00000000f2480000)
 ParOldGen       total 42496K, used 5732K [0x00000000c2400000, 0x00000000c4d80000, 0x00000000eb700000)
  object space 42496K, 13% used [0x00000000c2400000,0x00000000c2999358,0x00000000c4d80000)
 Metaspace       used 14315K, capacity 14534K, committed 14976K, reserved 1062912K
  class space    used 1744K, capacity 1805K, committed 1920K, reserved 1048576K
Event: 9.998 GC heap after
Heap after GC invocations=10 (full 0):
 PSYoungGen      total 107008K, used 64K [0x00000000eb700000, 0x00000000f2480000, 0x0000000100000000)
  eden space 101888K, 0% used [0x00000000eb700000,0x00000000eb700000,0x00000000f1a80000)
  from space 5120K, 1% used [0x00000000f1f80000,0x00000000f1f90000,0x00000000f2480000)
  to   space 5120K, 0% used [0x00000000f1a80000,0x00000000f1a80000,0x00000000f1f80000)
 ParOldGen       total 42496K, used 5748K [0x00000000c2400000, 0x00000000c4d80000, 0x00000000eb700000)
  object space 42496K, 13% used [0x00000000c2400000,0x00000000c299d358,0x00000000c4d80000)
 Metaspace       used 14315K, capacity 14534K, committed 14976K, reserved 1062912K
  class space    used 1744K, capacity 1805K, committed 1920K, reserved 1048576K
}
Event: 10.384 GC heap before
{Heap before GC invocations=11 (full 0):
 PSYoungGen      total 107008K, used 101952K [0x00000000eb700000, 0x00000000f2480000, 0x0000000100000000)
  eden space 101888K, 100% used [0x00000000eb700000,0x00000000f1a80000,0x00000000f1a80000)
  from space 5120K, 1% used [0x00000000f1f80000,0x00000000f1f90000,0x00000000f2480000)
  to   space 5120K, 0% used [0x00000000f1a80000,0x00000000f1a80000,0x00000000f1f80000)
 ParOldGen       total 42496K, used 5748K [0x00000000c2400000, 0x00000000c4d80000, 0x00000000eb700000)
  object space 42496K, 13% used [0x00000000c2400000,0x00000000c299d378,0x00000000c4d80000)
 Metaspace       used 14324K, capacity 14534K, committed 14976K, reserved 1062912K
  class space    used 1744K, capacity 1805K, committed 1920K, reserved 1048576K
Event: 10.385 GC heap after
Heap after GC invocations=11 (full 0):
 PSYoungGen      total 107008K, used 32K [0x00000000eb700000, 0x00000000f6080000, 0x0000000100000000)
  eden space 101888K, 0% used [0x00000000eb700000,0x00000000eb700000,0x00000000f1a80000)
  from space 5120K, 0% used [0x00000000f1a80000,0x00000000f1a88000,0x00000000f1f80000)
  to   space 5120K, 0% used [0x00000000f5b80000,0x00000000f5b80000,0x00000000f6080000)
 ParOldGen       total 42496K, used 5756K [0x00000000c2400000, 0x00000000c4d80000, 0x00000000eb700000)
  object space 42496K, 13% used [0x00000000c2400000,0x00000000c299f378,0x00000000c4d80000)
 Metaspace       used 14324K, capacity 14534K, committed 14976K, reserved 1062912K
  class space    used 1744K, capacity 1805K, committed 1920K, reserved 1048576K
}
Event: 10.763 GC heap before
{Heap before GC invocations=12 (full 0):
 PSYoungGen      total 107008K, used 101920K [0x00000000eb700000, 0x00000000f6080000, 0x0000000100000000)
  eden space 101888K, 100% used [0x00000000eb700000,0x00000000f1a80000,0x00000000f1a80000)
  from space 5120K, 0% used [0x00000000f1a80000,0x00000000f1a88000,0x00000000f1f80000)
  to   space 5120K, 0% used [0x00000000f5b80000,0x00000000f5b80000,0x00000000f6080000)
 ParOldGen       total 42496K, used 5760K [0x00000000c2400000, 0x00000000c4d80000, 0x00000000eb700000)
  object space 42496K, 13% used [0x00000000c2400000,0x00000000c29a0160,0x00000000c4d80000)
 Metaspace       used 14324K, capacity 14534K, committed 14976K, reserved 1062912K
  class space    used 1744K, capacity 1805K, committed 1920K, reserved 1048576K
Event: 10.763 GC heap after
Heap after GC invocations=12 (full 0):
 PSYoungGen      total 98304K, used 64K [0x00000000eb700000, 0x00000000f5c00000, 0x0000000100000000)
  eden space 97792K, 0% used [0x00000000eb700000,0x00000000eb700000,0x00000000f1680000)
  from space 512K, 12% used [0x00000000f5b80000,0x00000000f5b90000,0x00000000f5c00000)
  to   space 5120K, 0% used [0x00000000f5200000,0x00000000f5200000,0x00000000f5700000)
 ParOldGen       total 42496K, used 5768K [0x00000000c2400000, 0x00000000c4d80000, 0x00000000eb700000)
  object space 42496K, 13% used [0x00000000c2400000,0x00000000c29a2160,0x00000000c4d80000)
 Metaspace       used 14324K, capacity 14534K, committed 14976K, reserved 1062912K
  class space    used 1744K, capacity 1805K, committed 1920K, reserved 1048576K
}
Event: 10.766 GC heap before
{Heap before GC invocations=13 (full 0):
 PSYoungGen      total 98304K, used 812K [0x00000000eb700000, 0x00000000f5c00000, 0x0000000100000000)
  eden space 97792K, 0% used [0x00000000eb700000,0x00000000eb7bb158,0x00000000f1680000)
  from space 512K, 12% used [0x00000000f5b80000,0x00000000f5b90000,0x00000000f5c00000)
  to   space 5120K, 0% used [0x00000000f5200000,0x00000000f5200000,0x00000000f5700000)
 ParOldGen       total 42496K, used 5768K [0x00000000c2400000, 0x00000000c4d80000, 0x00000000eb700000)
  object space 42496K, 13% used [0x00000000c2400000,0x00000000c29a2160,0x00000000c4d80000)
 Metaspace       used 14324K, capacity 14534K, committed 14976K, reserved 1062912K
  class space    used 1744K, capacity 1805K, committed 1920K, reserved 1048576K
Event: 10.767 GC heap after
Heap after GC invocations=13 (full 0):
 PSYoungGen      total 161792K, used 64K [0x00000000eb700000, 0x00000000f5c00000, 0x0000000100000000)
  eden space 156672K, 0% used [0x00000000eb700000,0x00000000eb700000,0x00000000f5000000)
  from space 5120K, 1% used [0x00000000f5200000,0x00000000f5210000,0x00000000f5700000)
  to   space 5120K, 0% used [0x00000000f5700000,0x00000000f5700000,0x00000000f5c00000)
 ParOldGen       total 42496K, used 5784K [0x00000000c2400000, 0x00000000c4d80000, 0x00000000eb700000)
  object space 42496K, 13% used [0x00000000c2400000,0x00000000c29a6160,0x00000000c4d80000)
 Metaspace       used 14324K, capacity 14534K, committed 14976K, reserved 1062912K
  class space    used 1744K, capacity 1805K, committed 1920K, reserved 1048576K
}
Event: 11.377 GC heap before
{Heap before GC invocations=14 (full 0):
 PSYoungGen      total 161792K, used 156736K [0x00000000eb700000, 0x00000000f5c00000, 0x0000000100000000)
  eden space 156672K, 100% used [0x00000000eb700000,0x00000000f5000000,0x00000000f5000000)
  from space 5120K, 1% used [0x00000000f5200000,0x00000000f5210000,0x00000000f5700000)
  to   space 5120K, 0% used [0x00000000f5700000,0x00000000f5700000,0x00000000f5c00000)
 ParOldGen       total 42496K, used 6068K [0x00000000c2400000, 0x00000000c4d80000, 0x00000000eb700000)
  object space 42496K, 14% used [0x00000000c2400000,0x00000000c29ed3a8,0x00000000c4d80000)
 Metaspace       used 14324K, capacity 14534K, committed 14976K, reserved 1062912K
  class space    used 1744K, capacity 1805K, committed 1920K, reserved 1048576K

